<?xml version="1.0" encoding="UTF-8"?>
<coverage generated="1777717236943" clover="3.2.0">
  <project timestamp="1777717236943" name="All files">
    <metrics statements="82" coveredstatements="74" conditionals="24" coveredconditionals="20" methods="12" coveredmethods="10" elements="118" coveredelements="104" complexity="0" loc="82" ncloc="82" packages="2" files="2" classes="2"/>
    <package name="middleware">
      <metrics statements="17" coveredstatements="17" conditionals="10" coveredconditionals="10" methods="3" coveredmethods="3"/>
      <file name="authMiddleware.js" path="/home/restlessstone/VSCodeProjects/P9-T4-SugubeteMaximilianMitrache/backend/src/middleware/authMiddleware.js">
        <metrics statements="17" coveredstatements="17" conditionals="10" coveredconditionals="10" methods="3" coveredmethods="3"/>
        <line num="1" count="1" type="stmt"/>
        <line num="4" count="1" type="stmt"/>
        <line num="6" count="4" type="stmt"/>
        <line num="8" count="4" type="cond" truecount="4" falsecount="0"/>
        <line num="9" count="2" type="stmt"/>
        <line num="15" count="2" type="stmt"/>
        <line num="17" count="2" type="stmt"/>
        <line num="19" count="2" type="cond" truecount="2" falsecount="0"/>
        <line num="20" count="1" type="stmt"/>
        <line num="27" count="1" type="stmt"/>
        <line num="29" count="1" type="stmt"/>
        <line num="37" count="1" type="stmt"/>
        <line num="38" count="2" type="stmt"/>
        <line num="40" count="2" type="cond" truecount="4" falsecount="0"/>
        <line num="42" count="1" type="stmt"/>
        <line num="47" count="1" type="stmt"/>
        <line num="51" count="1" type="stmt"/>
      </file>
    </package>
    <package name="services">
      <metrics statements="65" coveredstatements="57" conditionals="14" coveredconditionals="10" methods="9" coveredmethods="7"/>
      <file name="auditService.js" path="/home/restlessstone/VSCodeProjects/P9-T4-SugubeteMaximilianMitrache/backend/src/services/auditService.js">
        <metrics statements="65" coveredstatements="57" conditionals="14" coveredconditionals="10" methods="9" coveredmethods="7"/>
        <line num="1" count="2" type="stmt"/>
        <line num="3" count="2" type="cond" truecount="0" falsecount="2"/>
        <line num="4" count="6" type="stmt"/>
        <line num="11" count="6" type="stmt"/>
        <line num="21" count="6" type="stmt"/>
        <line num="25" count="2" type="cond" truecount="1" falsecount="0"/>
        <line num="26" count="4" type="stmt"/>
        <line num="28" count="4" type="stmt"/>
        <line num="29" count="4" type="cond" truecount="2" falsecount="0"/>
        <line num="30" count="2" type="stmt"/>
        <line num="31" count="2" type="stmt"/>
        <line num="32" count="2" type="stmt"/>
        <line num="33" count="2" type="stmt"/>
        <line num="34" count="2" type="stmt"/>
        <line num="36" count="2" type="stmt"/>
        <line num="39" count="2" type="stmt"/>
        <line num="40" count="2" type="stmt"/>
        <line num="41" count="2" type="stmt"/>
        <line num="43" count="2" type="stmt"/>
        <line num="44" count="2" type="stmt"/>
        <line num="45" count="2" type="stmt"/>
        <line num="46" count="2" type="stmt"/>
        <line num="48" count="2" type="stmt"/>
        <line num="50" count="2" type="stmt"/>
        <line num="57" count="2" type="stmt"/>
        <line num="58" count="2" type="stmt"/>
        <line num="61" count="2" type="stmt"/>
        <line num="72" count="2" type="stmt"/>
        <line num="77" count="2" type="stmt"/>
        <line num="78" count="2" type="stmt"/>
        <line num="79" count="2" type="stmt"/>
        <line num="80" count="2" type="stmt"/>
        <line num="81" count="2" type="stmt"/>
        <line num="82" count="2" type="stmt"/>
        <line num="84" count="2" type="stmt"/>
        <line num="85" count="3" type="stmt"/>
        <line num="86" count="3" type="stmt"/>
        <line num="87" count="3" type="stmt"/>
        <line num="88" count="3" type="stmt"/>
        <line num="91" count="2" type="stmt"/>
        <line num="97" count="2" type="stmt"/>
        <line num="98" count="2" type="stmt"/>
        <line num="101" count="2" type="stmt"/>
        <line num="112" count="2" type="stmt"/>
        <line num="117" count="2" type="cond" truecount="1" falsecount="0"/>
        <line num="118" count="2" type="stmt"/>
        <line num="120" count="2" type="stmt"/>
        <line num="121" count="2" type="cond" truecount="2" falsecount="0"/>
        <line num="122" count="1" type="stmt"/>
        <line num="123" count="1" type="stmt"/>
        <line num="124" count="1" type="stmt"/>
        <line num="126" count="1" type="stmt"/>
        <line num="129" count="1" type="stmt"/>
        <line num="132" count="1" type="stmt"/>
        <line num="143" count="1" type="stmt"/>
        <line num="147" count="2" type="stmt"/>
        <line num="148" count="0" type="stmt"/>
        <line num="150" count="0" type="stmt"/>
        <line num="165" count="0" type="stmt"/>
        <line num="171" count="0" type="stmt"/>
        <line num="172" count="0" type="stmt"/>
        <line num="174" count="0" type="cond" truecount="0" falsecount="2"/>
        <line num="176" count="0" type="stmt"/>
        <line num="182" count="0" type="stmt"/>
        <line num="186" count="2" type="stmt"/>
      </file>
    </package>
  </project>
</coverage>
