{"/home/restlessstone/VSCodeProjects/P9-T4-SugubeteMaximilianMitrache/backend/src/middleware/authMiddleware.js": {"path":"/home/restlessstone/VSCodeProjects/P9-T4-SugubeteMaximilianMitrache/backend/src/middleware/authMiddleware.js","statementMap":{"0":{"start":{"line":1,"column":12},"end":{"line":1,"column":35}},"1":{"start":{"line":4,"column":20},"end":{"line":34,"column":1}},"2":{"start":{"line":6,"column":23},"end":{"line":6,"column":48}},"3":{"start":{"line":8,"column":4},"end":{"line":13,"column":5}},"4":{"start":{"line":9,"column":8},"end":{"line":12,"column":11}},"5":{"start":{"line":15,"column":18},"end":{"line":15,"column":42}},"6":{"start":{"line":17,"column":4},"end":{"line":33,"column":5}},"7":{"start":{"line":19,"column":24},"end":{"line":19,"column":95}},"8":{"start":{"line":20,"column":8},"end":{"line":20,"column":27}},"9":{"start":{"line":27,"column":8},"end":{"line":27,"column":15}},"10":{"start":{"line":29,"column":8},"end":{"line":32,"column":11}},"11":{"start":{"line":37,"column":20},"end":{"line":49,"column":1}},"12":{"start":{"line":38,"column":4},"end":{"line":48,"column":6}},"13":{"start":{"line":40,"column":8},"end":{"line":46,"column":9}},"14":{"start":{"line":42,"column":12},"end":{"line":45,"column":15}},"15":{"start":{"line":47,"column":8},"end":{"line":47,"column":15}},"16":{"start":{"line":51,"column":0},"end":{"line":51,"column":46}}},"fnMap":{"0":{"name":"(anonymous_0)","decl":{"start":{"line":4,"column":20},"end":{"line":4,"column":21}},"loc":{"start":{"line":4,"column":40},"end":{"line":34,"column":1}},"line":4},"1":{"name":"(anonymous_1)","decl":{"start":{"line":37,"column":20},"end":{"line":37,"column":21}},"loc":{"start":{"line":37,"column":38},"end":{"line":49,"column":1}},"line":37},"2":{"name":"(anonymous_2)","decl":{"start":{"line":38,"column":11},"end":{"line":38,"column":12}},"loc":{"start":{"line":38,"column":31},"end":{"line":48,"column":5}},"line":38}},"branchMap":{"0":{"loc":{"start":{"line":8,"column":4},"end":{"line":13,"column":5}},"type":"if","locations":[{"start":{"line":8,"column":4},"end":{"line":13,"column":5}},{"start":{},"end":{}}],"line":8},"1":{"loc":{"start":{"line":8,"column":8},"end":{"line":8,"column":56}},"type":"binary-expr","locations":[{"start":{"line":8,"column":8},"end":{"line":8,"column":19}},{"start":{"line":8,"column":23},"end":{"line":8,"column":56}}],"line":8},"2":{"loc":{"start":{"line":19,"column":42},"end":{"line":19,"column":94}},"type":"binary-expr","locations":[{"start":{"line":19,"column":42},"end":{"line":19,"column":64}},{"start":{"line":19,"column":68},"end":{"line":19,"column":94}}],"line":19},"3":{"loc":{"start":{"line":40,"column":8},"end":{"line":46,"column":9}},"type":"if","locations":[{"start":{"line":40,"column":8},"end":{"line":46,"column":9}},{"start":{},"end":{}}],"line":40},"4":{"loc":{"start":{"line":40,"column":12},"end":{"line":40,"column":62}},"type":"binary-expr","locations":[{"start":{"line":40,"column":12},"end":{"line":40,"column":21}},{"start":{"line":40,"column":25},"end":{"line":40,"column":62}}],"line":40}},"s":{"0":1,"1":1,"2":4,"3":4,"4":2,"5":2,"6":2,"7":2,"8":1,"9":1,"10":1,"11":1,"12":2,"13":2,"14":1,"15":1,"16":1},"f":{"0":4,"1":2,"2":2},"b":{"0":[2,2],"1":[4,3],"2":[2,2],"3":[1,1],"4":[2,2]},"_coverageSchema":"1a1c01bbd47fc00a2c39e90264f33305004495a9","hash":"8222580ae0fb741ca937ccd369403e60d4508f38"}
,"/home/restlessstone/VSCodeProjects/P9-T4-SugubeteMaximilianMitrache/backend/src/services/auditService.js": {"path":"/home/restlessstone/VSCodeProjects/P9-T4-SugubeteMaximilianMitrache/backend/src/services/auditService.js","statementMap":{"0":{"start":{"line":1,"column":11},"end":{"line":1,"column":27}},"1":{"start":{"line":3,"column":17},"end":{"line":22,"column":1}},"2":{"start":{"line":4,"column":16},"end":{"line":9,"column":3}},"3":{"start":{"line":11,"column":17},"end":{"line":19,"column":3}},"4":{"start":{"line":21,"column":2},"end":{"line":21,"column":36}},"5":{"start":{"line":25,"column":24},"end":{"line":74,"column":1}},"6":{"start":{"line":26,"column":2},"end":{"line":73,"column":5}},"7":{"start":{"line":28,"column":25},"end":{"line":28,"column":102}},"8":{"start":{"line":29,"column":4},"end":{"line":35,"column":5}},"9":{"start":{"line":30,"column":18},"end":{"line":30,"column":47}},"10":{"start":{"line":31,"column":6},"end":{"line":31,"column":23}},"11":{"start":{"line":32,"column":6},"end":{"line":32,"column":35}},"12":{"start":{"line":33,"column":6},"end":{"line":33,"column":76}},"13":{"start":{"line":34,"column":6},"end":{"line":34,"column":16}},"14":{"start":{"line":36,"column":27},"end":{"line":36,"column":47}},"15":{"start":{"line":39,"column":23},"end":{"line":39,"column":25}},"16":{"start":{"line":40,"column":19},"end":{"line":40,"column":21}},"17":{"start":{"line":41,"column":21},"end":{"line":41,"column":22}},"18":{"start":{"line":43,"column":4},"end":{"line":47,"column":5}},"19":{"start":{"line":44,"column":6},"end":{"line":44,"column":49}},"20":{"start":{"line":45,"column":6},"end":{"line":45,"column":25}},"21":{"start":{"line":46,"column":6},"end":{"line":46,"column":19}},"22":{"start":{"line":48,"column":4},"end":{"line":48,"column":20}},"23":{"start":{"line":50,"column":24},"end":{"line":55,"column":5}},"24":{"start":{"line":57,"column":24},"end":{"line":57,"column":63}},"25":{"start":{"line":58,"column":26},"end":{"line":58,"column":45}},"26":{"start":{"line":61,"column":4},"end":{"line":70,"column":6}},"27":{"start":{"line":72,"column":4},"end":{"line":72,"column":25}},"28":{"start":{"line":77,"column":24},"end":{"line":114,"column":1}},"29":{"start":{"line":78,"column":2},"end":{"line":113,"column":5}},"30":{"start":{"line":79,"column":20},"end":{"line":79,"column":22}},"31":{"start":{"line":80,"column":30},"end":{"line":80,"column":32}},"32":{"start":{"line":81,"column":19},"end":{"line":81,"column":21}},"33":{"start":{"line":82,"column":21},"end":{"line":82,"column":22}},"34":{"start":{"line":84,"column":4},"end":{"line":89,"column":5}},"35":{"start":{"line":85,"column":6},"end":{"line":85,"column":24}},"36":{"start":{"line":86,"column":6},"end":{"line":86,"column":47}},"37":{"start":{"line":87,"column":6},"end":{"line":87,"column":25}},"38":{"start":{"line":88,"column":6},"end":{"line":88,"column":19}},"39":{"start":{"line":91,"column":24},"end":{"line":95,"column":5}},"40":{"start":{"line":97,"column":24},"end":{"line":97,"column":63}},"41":{"start":{"line":98,"column":26},"end":{"line":98,"column":45}},"42":{"start":{"line":101,"column":4},"end":{"line":110,"column":6}},"43":{"start":{"line":112,"column":4},"end":{"line":112,"column":25}},"44":{"start":{"line":117,"column":24},"end":{"line":145,"column":1}},"45":{"start":{"line":118,"column":2},"end":{"line":144,"column":5}},"46":{"start":{"line":120,"column":25},"end":{"line":120,"column":102}},"47":{"start":{"line":121,"column":4},"end":{"line":125,"column":5}},"48":{"start":{"line":122,"column":18},"end":{"line":122,"column":47}},"49":{"start":{"line":123,"column":6},"end":{"line":123,"column":23}},"50":{"start":{"line":124,"column":6},"end":{"line":124,"column":16}},"51":{"start":{"line":126,"column":27},"end":{"line":126,"column":47}},"52":{"start":{"line":129,"column":4},"end":{"line":129,"column":80}},"53":{"start":{"line":132,"column":4},"end":{"line":141,"column":6}},"54":{"start":{"line":143,"column":4},"end":{"line":143,"column":29}},"55":{"start":{"line":147,"column":23},"end":{"line":184,"column":1}},"56":{"start":{"line":148,"column":2},"end":{"line":183,"column":5}},"57":{"start":{"line":150,"column":4},"end":{"line":162,"column":7}},"58":{"start":{"line":165,"column":25},"end":{"line":170,"column":5}},"59":{"start":{"line":171,"column":23},"end":{"line":171,"column":55}},"60":{"start":{"line":172,"column":18},"end":{"line":172,"column":40}},"61":{"start":{"line":174,"column":4},"end":{"line":180,"column":5}},"62":{"start":{"line":176,"column":6},"end":{"line":179,"column":9}},"63":{"start":{"line":182,"column":4},"end":{"line":182,"column":17}},"64":{"start":{"line":186,"column":0},"end":{"line":192,"column":2}}},"fnMap":{"0":{"name":"(anonymous_0)","decl":{"start":{"line":3,"column":17},"end":{"line":3,"column":18}},"loc":{"start":{"line":3,"column":139},"end":{"line":22,"column":1}},"line":3},"1":{"name":"(anonymous_1)","decl":{"start":{"line":25,"column":24},"end":{"line":25,"column":25}},"loc":{"start":{"line":25,"column":105},"end":{"line":74,"column":1}},"line":25},"2":{"name":"(anonymous_2)","decl":{"start":{"line":26,"column":24},"end":{"line":26,"column":25}},"loc":{"start":{"line":26,"column":42},"end":{"line":73,"column":3}},"line":26},"3":{"name":"(anonymous_3)","decl":{"start":{"line":77,"column":24},"end":{"line":77,"column":25}},"loc":{"start":{"line":77,"column":84},"end":{"line":114,"column":1}},"line":77},"4":{"name":"(anonymous_4)","decl":{"start":{"line":78,"column":24},"end":{"line":78,"column":25}},"loc":{"start":{"line":78,"column":42},"end":{"line":113,"column":3}},"line":78},"5":{"name":"(anonymous_5)","decl":{"start":{"line":117,"column":24},"end":{"line":117,"column":25}},"loc":{"start":{"line":117,"column":91},"end":{"line":145,"column":1}},"line":117},"6":{"name":"(anonymous_6)","decl":{"start":{"line":118,"column":24},"end":{"line":118,"column":25}},"loc":{"start":{"line":118,"column":42},"end":{"line":144,"column":3}},"line":118},"7":{"name":"(anonymous_7)","decl":{"start":{"line":147,"column":23},"end":{"line":147,"column":24}},"loc":{"start":{"line":147,"column":35},"end":{"line":184,"column":1}},"line":147},"8":{"name":"(anonymous_8)","decl":{"start":{"line":148,"column":24},"end":{"line":148,"column":25}},"loc":{"start":{"line":148,"column":42},"end":{"line":183,"column":3}},"line":148}},"branchMap":{"0":{"loc":{"start":{"line":3,"column":91},"end":{"line":3,"column":112}},"type":"default-arg","locations":[{"start":{"line":3,"column":108},"end":{"line":3,"column":112}}],"line":3},"1":{"loc":{"start":{"line":3,"column":114},"end":{"line":3,"column":134}},"type":"default-arg","locations":[{"start":{"line":3,"column":130},"end":{"line":3,"column":134}}],"line":3},"2":{"loc":{"start":{"line":17,"column":4},"end":{"line":17,"column":58}},"type":"cond-expr","locations":[{"start":{"line":17,"column":21},"end":{"line":17,"column":51}},{"start":{"line":17,"column":54},"end":{"line":17,"column":58}}],"line":17},"3":{"loc":{"start":{"line":18,"column":4},"end":{"line":18,"column":56}},"type":"cond-expr","locations":[{"start":{"line":18,"column":20},"end":{"line":18,"column":49}},{"start":{"line":18,"column":52},"end":{"line":18,"column":56}}],"line":18},"4":{"loc":{"start":{"line":25,"column":85},"end":{"line":25,"column":100}},"type":"default-arg","locations":[{"start":{"line":25,"column":96},"end":{"line":25,"column":100}}],"line":25},"5":{"loc":{"start":{"line":29,"column":4},"end":{"line":35,"column":5}},"type":"if","locations":[{"start":{"line":29,"column":4},"end":{"line":35,"column":5}},{"start":{},"end":{}}],"line":29},"6":{"loc":{"start":{"line":117,"column":71},"end":{"line":117,"column":86}},"type":"default-arg","locations":[{"start":{"line":117,"column":82},"end":{"line":117,"column":86}}],"line":117},"7":{"loc":{"start":{"line":121,"column":4},"end":{"line":125,"column":5}},"type":"if","locations":[{"start":{"line":121,"column":4},"end":{"line":125,"column":5}},{"start":{},"end":{}}],"line":121},"8":{"loc":{"start":{"line":174,"column":4},"end":{"line":180,"column":5}},"type":"if","locations":[{"start":{"line":174,"column":4},"end":{"line":180,"column":5}},{"start":{},"end":{}}],"line":174}},"s":{"0":2,"1":2,"2":6,"3":6,"4":6,"5":2,"6":4,"7":4,"8":4,"9":2,"10":2,"11":2,"12":2,"13":2,"14":2,"15":2,"16":2,"17":2,"18":2,"19":2,"20":2,"21":2,"22":2,"23":2,"24":2,"25":2,"26":2,"27":2,"28":2,"29":2,"30":2,"31":2,"32":2,"33":2,"34":2,"35":3,"36":3,"37":3,"38":3,"39":2,"40":2,"41":2,"42":2,"43":2,"44":2,"45":2,"46":2,"47":2,"48":1,"49":1,"50":1,"51":1,"52":1,"53":1,"54":1,"55":2,"56":0,"57":0,"58":0,"59":0,"60":0,"61":0,"62":0,"63":0,"64":2},"f":{"0":6,"1":4,"2":4,"3":2,"4":2,"5":2,"6":2,"7":0,"8":0},"b":{"0":[0],"1":[0],"2":[4,2],"3":[5,1],"4":[4],"5":[2,2],"6":[2],"7":[1,1],"8":[0,0]},"_coverageSchema":"1a1c01bbd47fc00a2c39e90264f33305004495a9","hash":"920b586a165542d37881451731604a131f160fa1"}
}
