TN:
SF:src/middleware/authMiddleware.js
FN:4,(anonymous_0)
FN:37,(anonymous_1)
FN:38,(anonymous_2)
FNF:3
FNH:3
FNDA:4,(anonymous_0)
FNDA:2,(anonymous_1)
FNDA:2,(anonymous_2)
DA:1,1
DA:4,1
DA:6,4
DA:8,4
DA:9,2
DA:15,2
DA:17,2
DA:19,2
DA:20,1
DA:27,1
DA:29,1
DA:37,1
DA:38,2
DA:40,2
DA:42,1
DA:47,1
DA:51,1
LF:17
LH:17
BRDA:8,0,0,2
BRDA:8,0,1,2
BRDA:8,1,0,4
BRDA:8,1,1,3
BRDA:19,2,0,2
BRDA:19,2,1,2
BRDA:40,3,0,1
BRDA:40,3,1,1
BRDA:40,4,0,2
BRDA:40,4,1,2
BRF:10
BRH:10
end_of_record
TN:
SF:src/services/auditService.js
FN:3,(anonymous_0)
FN:25,(anonymous_1)
FN:26,(anonymous_2)
FN:77,(anonymous_3)
FN:78,(anonymous_4)
FN:117,(anonymous_5)
FN:118,(anonymous_6)
FN:147,(anonymous_7)
FN:148,(anonymous_8)
FNF:9
FNH:7
FNDA:6,(anonymous_0)
FNDA:4,(anonymous_1)
FNDA:4,(anonymous_2)
FNDA:2,(anonymous_3)
FNDA:2,(anonymous_4)
FNDA:2,(anonymous_5)
FNDA:2,(anonymous_6)
FNDA:0,(anonymous_7)
FNDA:0,(anonymous_8)
DA:1,2
DA:3,2
DA:4,6
DA:11,6
DA:21,6
DA:25,2
DA:26,4
DA:28,4
DA:29,4
DA:30,2
DA:31,2
DA:32,2
DA:33,2
DA:34,2
DA:36,2
DA:39,2
DA:40,2
DA:41,2
DA:43,2
DA:44,2
DA:45,2
DA:46,2
DA:48,2
DA:50,2
DA:57,2
DA:58,2
DA:61,2
DA:72,2
DA:77,2
DA:78,2
DA:79,2
DA:80,2
DA:81,2
DA:82,2
DA:84,2
DA:85,3
DA:86,3
DA:87,3
DA:88,3
DA:91,2
DA:97,2
DA:98,2
DA:101,2
DA:112,2
DA:117,2
DA:118,2
DA:120,2
DA:121,2
DA:122,1
DA:123,1
DA:124,1
DA:126,1
DA:129,1
DA:132,1
DA:143,1
DA:147,2
DA:148,0
DA:150,0
DA:165,0
DA:171,0
DA:172,0
DA:174,0
DA:176,0
DA:182,0
DA:186,2
LF:65
LH:57
BRDA:3,0,0,0
BRDA:3,1,0,0
BRDA:17,2,0,4
BRDA:17,2,1,2
BRDA:18,3,0,5
BRDA:18,3,1,1
BRDA:25,4,0,4
BRDA:29,5,0,2
BRDA:29,5,1,2
BRDA:117,6,0,2
BRDA:121,7,0,1
BRDA:121,7,1,1
BRDA:174,8,0,0
BRDA:174,8,1,0
BRF:14
BRH:10
end_of_record
